<?xml version="1.0" encoding="UTF-8"?>
<!-- Generated by org.testng.reporters.JUnitXMLReporter -->
<testsuite ignored="15" hostname="ASHISHANMUMLAP" failures="0" tests="0" time="0.014" errors="0" timestamp="2024-06-11T23:31:44 IST">
  <testcase classname="com.DemoQA.TestCase.TestCase" name="dynamicTableStructure" time="0.0">
    <ignored/>
  </testcase> <!-- dynamicTableStructure -->
  <testcase classname="com.DemoQA.TestCase.TestCase" name="webElementAction" time="0.0">
    <ignored/>
  </testcase> <!-- webElementAction -->
  <testcase classname="com.DemoQA.TestCase.TestCase" name="windowHandling" time="0.0">
    <ignored/>
  </testcase> <!-- windowHandling -->
  <testcase classname="com.DemoQA.TestCase.TestCase" name="fetchSearchResultCount" time="0.0">
    <ignored/>
  </testcase> <!-- fetchSearchResultCount -->
  <testcase classname="com.DemoQA.TestCase.TestCase" name="brokenLinkValidation" time="0.0">
    <ignored/>
  </testcase> <!-- brokenLinkValidation -->
  <testcase classname="com.DemoQA.TestCase.TestCase" name="dataProviderMethod" time="0.0">
    <ignored/>
  </testcase> <!-- dataProviderMethod -->
  <testcase classname="com.DemoQA.TestCase.TestCase" name="actionOnBrowser" time="0.0">
    <ignored/>
  </testcase> <!-- actionOnBrowser -->
  <testcase classname="com.DemoQA.TestCase.TestCase" name="alertHandling" time="0.0">
    <ignored/>
  </testcase> <!-- alertHandling -->
  <testcase classname="com.DemoQA.TestCase.TestCase" name="explicitWaitConditions" time="0.0">
    <ignored/>
  </testcase> <!-- explicitWaitConditions -->
  <testcase classname="com.DemoQA.TestCase.TestCase" name="mouseActionClass" time="0.0">
    <ignored/>
  </testcase> <!-- mouseActionClass -->
  <testcase classname="com.DemoQA.TestCase.TestCase" name="extentReportExample" time="0.0">
    <ignored/>
  </testcase> <!-- extentReportExample -->
  <testcase classname="com.DemoQA.TestCase.TestCase" name="iFrameHandling" time="0.0">
    <ignored/>
  </testcase> <!-- iFrameHandling -->
  <testcase classname="com.DemoQA.TestCase.TestCase" name="clickOperationType" time="0.0">
    <ignored/>
  </testcase> <!-- clickOperationType -->
  <testcase classname="com.DemoQA.TestCase.TestCase" name="loginLogOut" time="0.0">
    <ignored/>
  </testcase> <!-- loginLogOut -->
  <testcase classname="com.DemoQA.TestCase.TestCase" name="dropdownHandling" time="0.0">
    <ignored/>
  </testcase> <!-- dropdownHandling -->
</testsuite>
