<?xml version="1.0" encoding="UTF-8"?>
<!-- Generated by org.testng.reporters.JUnitXMLReporter -->
<testsuite ignored="0" hostname="A-SQUARE" failures="1" tests="2" name="RegressionTest" time="40.526" errors="0" timestamp="2024-03-30T12:13:09 IST">
  <testcase classname="com.DemoQA.TestCase.TestCase" name="TC01_openBrower" time="3.466"/>
  <testcase classname="com.DemoQA.TestCase.TestCase" name="TC02_elementAction" time="0.017">
    <failure type="java.lang.NullPointerException" message="Cannot invoke &amp;quot;org.openqa.selenium.WebElement.click()&amp;quot; because &amp;quot;this.btn_elements_homePage&amp;quot; is null">
      <![CDATA[java.lang.NullPointerException: Cannot invoke "org.openqa.selenium.WebElement.click()" because "this.btn_elements_homePage" is null
at com.DemoQA.PageLayer.TC01_HomePage.navigateToElements(TC01_HomePage.java:61)
at com.DemoQA.TestCase.TestCase.TC02_elementAction(TestCase.java:17)
at java.base/java.util.ArrayList.forEach(ArrayList.java:1511)
... Removed 27 stack frames]]>
    </failure>
  </testcase> <!-- TC02_elementAction -->
</testsuite> <!-- RegressionTest -->
