<?xml version="1.0" encoding="UTF-8"?>
<!-- Generated by org.testng.reporters.JUnitXMLReporter -->
<testsuite ignored="12" hostname="A-SQUARE" failures="0" tests="1" name="Default test" time="87.357" errors="0" timestamp="2024-05-13T11:50:52 IST">
  <testcase classname="com.DemoQA.TestCase.TestCase" name="brokenLinkValidation" time="70.004"/>
  <testcase classname="com.DemoQA.TestCase.TestCase" name="windowHandling" time="0.0">
    <ignored/>
  </testcase> <!-- windowHandling -->
  <testcase classname="com.DemoQA.TestCase.TestCase" name="dynamicTableStructure" time="0.0">
    <ignored/>
  </testcase> <!-- dynamicTableStructure -->
  <testcase classname="com.DemoQA.TestCase.TestCase" name="webElementAction" time="0.0">
    <ignored/>
  </testcase> <!-- webElementAction -->
  <testcase classname="com.DemoQA.TestCase.TestCase" name="alertHandling" time="0.0">
    <ignored/>
  </testcase> <!-- alertHandling -->
  <testcase classname="com.DemoQA.TestCase.TestCase" name="fetchSearchResultCount" time="0.0">
    <ignored/>
  </testcase> <!-- fetchSearchResultCount -->
  <testcase classname="com.DemoQA.TestCase.TestCase" name="dropdownHandling" time="0.0">
    <ignored/>
  </testcase> <!-- dropdownHandling -->
  <testcase classname="com.DemoQA.TestCase.TestCase" name="loginLogOut" time="0.0">
    <ignored/>
  </testcase> <!-- loginLogOut -->
  <testcase classname="com.DemoQA.TestCase.TestCase" name="extentReportExample" time="0.0">
    <ignored/>
  </testcase> <!-- extentReportExample -->
  <testcase classname="com.DemoQA.TestCase.TestCase" name="actionOnBrowser" time="0.0">
    <ignored/>
  </testcase> <!-- actionOnBrowser -->
  <testcase classname="com.DemoQA.TestCase.TestCase" name="iFrameHandling" time="0.0">
    <ignored/>
  </testcase> <!-- iFrameHandling -->
  <testcase classname="com.DemoQA.TestCase.TestCase" name="clickOperationType" time="0.0">
    <ignored/>
  </testcase> <!-- clickOperationType -->
  <testcase classname="com.DemoQA.TestCase.TestCase" name="explicitWaitConditions" time="0.0">
    <ignored/>
  </testcase> <!-- explicitWaitConditions -->
</testsuite> <!-- Default test -->
