<?xml version="1.0" encoding="UTF-8"?>
<!-- Generated by org.testng.reporters.JUnitXMLReporter -->
<testsuite ignored="19" hostname="ASHISHANMUMLAP" failures="0" tests="1" name="Default test" time="13.101" errors="0" timestamp="2024-09-03T19:53:23 IST">
  <testcase classname="com.DemoQA.TestCase.TestCase" name="TC18_ImageComparison" time="6.69"/>
  <testcase classname="com.DemoQA.TestCase.TestCase" name="TC16_sslCertificateMethod" time="0.0">
    <ignored/>
  </testcase> <!-- TC16_sslCertificateMethod -->
  <testcase classname="com.DemoQA.TestCase.TestCase" name="TC07_IFrameHandling" time="0.0">
    <ignored/>
  </testcase> <!-- TC07_IFrameHandling -->
  <testcase classname="com.DemoQA.TestCase.TestCase" name="TC15_MultipleTabAndWindows" time="0.0">
    <ignored/>
  </testcase> <!-- TC15_MultipleTabAndWindows -->
  <testcase classname="com.DemoQA.TestCase.TestCase" name="TC11_ExplicitWaitConditions" time="0.0">
    <ignored/>
  </testcase> <!-- TC11_ExplicitWaitConditions -->
  <testcase classname="com.DemoQA.TestCase.TestCase" name="TC09_AlertHandling" time="0.0">
    <ignored/>
  </testcase> <!-- TC09_AlertHandling -->
  <testcase classname="com.DemoQA.TestCase.TestCase" name="TC02_LoginLogOut" time="0.0">
    <ignored/>
  </testcase> <!-- TC02_LoginLogOut -->
  <testcase classname="com.DemoQA.TestCase.TestCase" name="TC04_ClickOperationType" time="0.0">
    <ignored/>
  </testcase> <!-- TC04_ClickOperationType -->
  <testcase classname="com.DemoQA.TestCase.TestCase" name="TC06_WindowHandling" time="0.0">
    <ignored/>
  </testcase> <!-- TC06_WindowHandling -->
  <testcase classname="com.DemoQA.TestCase.TestCase" name="TC13_MouseAction" time="0.0">
    <ignored/>
  </testcase> <!-- TC13_MouseAction -->
  <testcase classname="com.DemoQA.TestCase.TestCase" name="TC08_FetchSearchResultCount" time="0.0">
    <ignored/>
  </testcase> <!-- TC08_FetchSearchResultCount -->
  <testcase classname="com.DemoQA.TestCase.TestCase" name="TC14_DataProviderMethod" time="0.0">
    <ignored/>
  </testcase> <!-- TC14_DataProviderMethod -->
  <testcase classname="com.DemoQA.TestCase.TestCase" name="TC05_DynamicTableStructure" time="0.0">
    <ignored/>
  </testcase> <!-- TC05_DynamicTableStructure -->
  <testcase classname="com.DemoQA.TestCase.TestCase" name="TC10_DropdownHandling" time="0.0">
    <ignored/>
  </testcase> <!-- TC10_DropdownHandling -->
  <testcase classname="com.DemoQA.TestCase.TestCase" name="TC12_BrokenLinkValidation" time="0.0">
    <ignored/>
  </testcase> <!-- TC12_BrokenLinkValidation -->
  <testcase classname="com.DemoQA.TestCase.TestCase" name="TC50_WarningTestCase" time="0.0">
    <ignored/>
  </testcase> <!-- TC50_WarningTestCase -->
  <testcase classname="com.DemoQA.TestCase.TestCase" name="TC01_ActionOnBrowser" time="0.0">
    <ignored/>
  </testcase> <!-- TC01_ActionOnBrowser -->
  <testcase classname="com.DemoQA.TestCase.TestCase" name="TC49_SkippedTestCase" time="0.0">
    <ignored/>
  </testcase> <!-- TC49_SkippedTestCase -->
  <testcase classname="com.DemoQA.TestCase.TestCase" name="TC17_FailedTestCase" time="0.0">
    <ignored/>
  </testcase> <!-- TC17_FailedTestCase -->
  <testcase classname="com.DemoQA.TestCase.TestCase" name="TC03_WebElementAction" time="0.0">
    <ignored/>
  </testcase> <!-- TC03_WebElementAction -->
</testsuite> <!-- Default test -->
