<?xml version="1.0" encoding="UTF-8"?>
<testng-results ignored="0" total="1" passed="1" failed="0" skipped="0">
  <reporter-output>
  </reporter-output>
  <suite started-at="2024-10-03T18:38:27 IST" name="Default suite" finished-at="2024-10-03T18:38:35 IST" duration-ms="7643">
    <groups>
    </groups>
    <test started-at="2024-10-03T18:38:27 IST" name="Default test" finished-at="2024-10-03T18:38:35 IST" duration-ms="7643">
      <class name="com.DemoQA.TestLayer.TestCase">
        <test-method is-config="true" signature="dataGeneration()[pri:0, instance:com.DemoQA.TestLayer.TestCase@68567e20]" started-at="2024-10-03T18:38:27 IST" name="dataGeneration" finished-at="2024-10-03T18:38:27 IST" duration-ms="52" status="PASS">
          <reporter-output>
          </reporter-output>
        </test-method> <!-- dataGeneration -->
        <test-method is-config="true" signature="startBrowser()[pri:0, instance:com.DemoQA.TestLayer.TestCase@68567e20]" started-at="2024-10-03T18:38:27 IST" name="startBrowser" finished-at="2024-10-03T18:38:31 IST" duration-ms="3388" status="PASS">
          <reporter-output>
          </reporter-output>
        </test-method> <!-- startBrowser -->
        <test-method signature="TC07_IFrameHandling()[pri:7, instance:com.DemoQA.TestLayer.TestCase@68567e20]" started-at="2024-10-03T18:38:31 IST" name="TC07_IFrameHandling" description="Test to handle and interact with an iFrame element within a webpage" finished-at="2024-10-03T18:38:33 IST" duration-ms="1764" status="PASS">
          <reporter-output>
          </reporter-output>
        </test-method> <!-- TC07_IFrameHandling -->
        <test-method is-config="true" signature="closeBrowser()[pri:0, instance:com.DemoQA.TestLayer.TestCase@68567e20]" started-at="2024-10-03T18:38:33 IST" name="closeBrowser" finished-at="2024-10-03T18:38:35 IST" duration-ms="2338" status="PASS">
          <reporter-output>
          </reporter-output>
        </test-method> <!-- closeBrowser -->
      </class> <!-- com.DemoQA.TestLayer.TestCase -->
    </test> <!-- Default test -->
  </suite> <!-- Default suite -->
</testng-results>
